{
  "stats": {
    "suites": 1,
    "tests": 1,
    "passes": 1,
    "pending": 0,
    "failures": 0,
    "start": "2024-01-14T02:35:04.687Z",
    "end": "2024-01-14T02:35:06.730Z",
    "duration": 2043,
    "testsRegistered": 1,
    "passPercent": 100,
    "pendingPercent": 0,
    "other": 0,
    "hasOther": false,
    "skipped": 0,
    "hasSkipped": false
  },
  "results": [
    {
      "uuid": "2a7f4f52-f69d-4bd6-8bd1-a55039a77558",
      "title": "",
      "fullFile": "cypress\\e2e\\api\\createProject.cy.js",
      "file": "cypress\\e2e\\api\\createProject.cy.js",
      "beforeHooks": [],
      "afterHooks": [],
      "tests": [],
      "suites": [
        {
          "uuid": "e8f8184e-1415-40f3-a661-3cf5cd88d6ac",
          "title": "Create Project",
          "fullFile": "",
          "file": "",
          "beforeHooks": [],
          "afterHooks": [],
          "tests": [
            {
              "title": "successfully",
              "fullTitle": "Create Project successfully",
              "timedOut": null,
              "duration": 1998,
              "state": "passed",
              "speed": "fast",
              "pass": true,
              "fail": false,
              "pending": false,
              "context": null,
              "code": "const project = {\n  name: `project-${_faker.faker.string.uuid()}`,\n  description: _faker.faker.string.sample(5)\n};\ncy.api_createProject(project).then(response => {\n  expect(response.status).to.equal(201);\n  expect(response.body.name).to.equal(project.name);\n  expect(response.body.description).to.equal(project.description);\n});",
              "err": {},
              "uuid": "49574435-c6d5-43d3-a30f-1ef6044b2ec1",
              "parentUUID": "e8f8184e-1415-40f3-a661-3cf5cd88d6ac",
              "isHook": false,
              "skipped": false
            }
          ],
          "suites": [],
          "passes": [
            "49574435-c6d5-43d3-a30f-1ef6044b2ec1"
          ],
          "failures": [],
          "pending": [],
          "skipped": [],
          "duration": 1998,
          "root": false,
          "rootEmpty": false,
          "_timeout": 2000
        }
      ],
      "passes": [],
      "failures": [],
      "pending": [],
      "skipped": [],
      "duration": 0,
      "root": true,
      "rootEmpty": true,
      "_timeout": 2000
    }
  ],
  "meta": {
    "mocha": {
      "version": "7.0.1"
    },
    "mochawesome": {
      "options": {
        "quiet": false,
        "reportFilename": "mochawesome",
        "saveHtml": false,
        "saveJson": true,
        "consoleReporter": "spec",
        "useInlineDiffs": false,
        "code": true
      },
      "version": "7.1.3"
    },
    "marge": {
      "options": {
        "reportDir": "cypress/results",
        "overwrite": false,
        "html": false,
        "json": true
      },
      "version": "6.2.0"
    }
  }
}