{
  "stats": {
    "suites": 1,
    "tests": 1,
    "passes": 1,
    "pending": 0,
    "failures": 0,
    "start": "2024-01-14T02:35:22.884Z",
    "end": "2024-01-14T02:35:27.138Z",
    "duration": 4254,
    "testsRegistered": 1,
    "passPercent": 100,
    "pendingPercent": 0,
    "other": 0,
    "hasOther": false,
    "skipped": 0,
    "hasSkipped": false
  },
  "results": [
    {
      "uuid": "6ccb9e0a-0774-404c-baa2-0ff26cc75813",
      "title": "",
      "fullFile": "cypress\\e2e\\gui\\createProject.cy.js",
      "file": "cypress\\e2e\\gui\\createProject.cy.js",
      "beforeHooks": [],
      "afterHooks": [],
      "tests": [],
      "suites": [
        {
          "uuid": "46a24956-056a-45f1-9f13-a95a6670cd3e",
          "title": "Create Project",
          "fullFile": "",
          "file": "",
          "beforeHooks": [],
          "afterHooks": [],
          "tests": [
            {
              "title": "sucessfully",
              "fullTitle": "Create Project sucessfully",
              "timedOut": null,
              "duration": 4183,
              "state": "passed",
              "speed": "fast",
              "pass": true,
              "fail": false,
              "pending": false,
              "context": null,
              "code": "const project = {\n  name: `project-${_faker.faker.string.uuid()}`,\n  description: _faker.faker.string.sample(5)\n};\ncy.gui_createProject(project);\ncy.url().should('be.equal', `${Cypress.config('baseUrl')}/${Cypress.env('user_name')}/${project.name}`);\ncy.contains(project.name).should('be.visible');\ncy.contains(project.description).should('be.visible');",
              "err": {},
              "uuid": "3eaa4ad1-99a4-46c6-9575-380429e857d9",
              "parentUUID": "46a24956-056a-45f1-9f13-a95a6670cd3e",
              "isHook": false,
              "skipped": false
            }
          ],
          "suites": [],
          "passes": [
            "3eaa4ad1-99a4-46c6-9575-380429e857d9"
          ],
          "failures": [],
          "pending": [],
          "skipped": [],
          "duration": 4183,
          "root": false,
          "rootEmpty": false,
          "_timeout": 2000
        }
      ],
      "passes": [],
      "failures": [],
      "pending": [],
      "skipped": [],
      "duration": 0,
      "root": true,
      "rootEmpty": true,
      "_timeout": 2000
    }
  ],
  "meta": {
    "mocha": {
      "version": "7.0.1"
    },
    "mochawesome": {
      "options": {
        "quiet": false,
        "reportFilename": "mochawesome",
        "saveHtml": false,
        "saveJson": true,
        "consoleReporter": "spec",
        "useInlineDiffs": false,
        "code": true
      },
      "version": "7.1.3"
    },
    "marge": {
      "options": {
        "reportDir": "cypress/results",
        "overwrite": false,
        "html": false,
        "json": true
      },
      "version": "6.2.0"
    }
  }
}