{
  "stats": {
    "suites": 1,
    "tests": 1,
    "passes": 1,
    "pending": 0,
    "failures": 0,
    "start": "2024-01-14T02:35:10.552Z",
    "end": "2024-01-14T02:35:19.319Z",
    "duration": 8767,
    "testsRegistered": 1,
    "passPercent": 100,
    "pendingPercent": 0,
    "other": 0,
    "hasOther": false,
    "skipped": 0,
    "hasSkipped": false
  },
  "results": [
    {
      "uuid": "9deae9fb-abf5-404e-93f2-6b1dea747a14",
      "title": "",
      "fullFile": "cypress\\e2e\\gui\\createIssue.cy.js",
      "file": "cypress\\e2e\\gui\\createIssue.cy.js",
      "beforeHooks": [],
      "afterHooks": [],
      "tests": [],
      "suites": [
        {
          "uuid": "cfe177e0-03ff-4436-9152-5b41c82ce03e",
          "title": "Create Issue",
          "fullFile": "",
          "file": "",
          "beforeHooks": [],
          "afterHooks": [],
          "tests": [
            {
              "title": "successfully",
              "fullTitle": "Create Issue successfully",
              "timedOut": null,
              "duration": 8675,
              "state": "passed",
              "speed": "medium",
              "pass": true,
              "fail": false,
              "pending": false,
              "context": null,
              "code": "cy.gui_createIssue(issue);\ncy.get('.issue-details').should('contain', issue.title).and('contain', issue.description);",
              "err": {},
              "uuid": "c7fda073-9188-4c54-b01d-aa02008d3487",
              "parentUUID": "cfe177e0-03ff-4436-9152-5b41c82ce03e",
              "isHook": false,
              "skipped": false
            }
          ],
          "suites": [],
          "passes": [
            "c7fda073-9188-4c54-b01d-aa02008d3487"
          ],
          "failures": [],
          "pending": [],
          "skipped": [],
          "duration": 8675,
          "root": false,
          "rootEmpty": false,
          "_timeout": 2000
        }
      ],
      "passes": [],
      "failures": [],
      "pending": [],
      "skipped": [],
      "duration": 0,
      "root": true,
      "rootEmpty": true,
      "_timeout": 2000
    }
  ],
  "meta": {
    "mocha": {
      "version": "7.0.1"
    },
    "mochawesome": {
      "options": {
        "quiet": false,
        "reportFilename": "mochawesome",
        "saveHtml": false,
        "saveJson": true,
        "consoleReporter": "spec",
        "useInlineDiffs": false,
        "code": true
      },
      "version": "7.1.3"
    },
    "marge": {
      "options": {
        "reportDir": "cypress/results",
        "overwrite": false,
        "html": false,
        "json": true
      },
      "version": "6.2.0"
    }
  }
}